{"uuid":"fd5bf248-5e58-4a3e-935d-e4558684f8a4","historyId":"4a48c5f888f1dd93ff7f24cbb688fcee","fullName":"com.modular.steps.WebModularTestDisney.seleniumPracticeTest","labels":[{"name":"package","value":"com.modular.steps.WebModularTestDisney"},{"name":"testClass","value":"com.modular.steps.WebModularTestDisney"},{"name":"testMethod","value":"seleniumPracticeTest"},{"name":"parentSuite","value":"Regression"},{"name":"suite","value":"Test for Sample Selenium Test"},{"name":"subSuite","value":"com.modular.steps.WebModularTestDisney"},{"name":"host","value":"QT-INBG-LT1945"},{"name":"thread","value":"14972@QT-INBG-LT1945.TestNG-PoolService-1(18)"},{"name":"framework","value":"testng"},{"name":"language","value":"java"}],"links":[],"name":"seleniumPracticeTest","status":"failed","statusDetails":{"known":false,"muted":false,"flaky":false,"message":"Expected condition failed: waiting for presence of element located by: By.xpath: //input[@placeholder='Type your question here'] (tried for 20 second(s) with 500 milliseconds interval) <b>Caused by: </b>org.openqa.selenium.NoSuchElementException: no such element: Unable to locate element: {\"method\":\"xpath\",\"selector\":\"//input[@placeholder='Type your question here']\"}\n  (Session info: chrome=124.0.6367.78)\nFor documentation on this error, please visit: https://www.seleniumhq.org/exceptions/no_such_element.html\nBuild info: version: '3.141.59', revision: 'e82be7d358', time: '2018-11-14T08:17:03'\nSystem info: host: 'QT-INBG-LT1945', ip: '192.168.0.103', os.name: 'Windows 11', os.arch: 'amd64', os.version: '10.0', java.version: '11.0.16.1'\nDriver info: org.openqa.selenium.chrome.ChromeDriver\nCapabilities {acceptInsecureCerts: false, browserName: chrome, browserVersion: 124.0.6367.78, chrome: {chromedriverVersion: 124.0.6367.78 (a087f2dd364d..., userDataDir: C:\\Users\\nivethaa.e\\AppData...}, fedcm:accounts: true, goog:chromeOptions: {debuggerAddress: localhost:50295}, javascriptEnabled: true, networkConnectionEnabled: false, pageLoadStrategy: normal, platform: WINDOWS, platformName: WINDOWS, proxy: Proxy(), setWindowRect: true, strictFileInteractability: false, timeouts: {implicit: 0, pageLoad: 300000, script: 30000}, unhandledPromptBehavior: dismiss and notify, webauthn:extension:credBlob: true, webauthn:extension:largeBlob: true, webauthn:extension:minPinLength: true, webauthn:extension:prf: true, webauthn:virtualAuthenticators: true}\nSession ID: b250ce570f8cf05ac0e478dab71e383f\n*** Element info: {Using=xpath, value=//input[@placeholder='Type your question here']}; Test case iteration terminated by user! Proceeding to next iteration (if applicable)...","trace":"java.lang.AssertionError: Expected condition failed: waiting for presence of element located by: By.xpath: //input[@placeholder='Type your question here'] (tried for 20 second(s) with 500 milliseconds interval) <b>Caused by: </b>org.openqa.selenium.NoSuchElementException: no such element: Unable to locate element: {\"method\":\"xpath\",\"selector\":\"//input[@placeholder='Type your question here']\"}\n  (Session info: chrome=124.0.6367.78)\nFor documentation on this error, please visit: https://www.seleniumhq.org/exceptions/no_such_element.html\nBuild info: version: '3.141.59', revision: 'e82be7d358', time: '2018-11-14T08:17:03'\nSystem info: host: 'QT-INBG-LT1945', ip: '192.168.0.103', os.name: 'Windows 11', os.arch: 'amd64', os.version: '10.0', java.version: '11.0.16.1'\nDriver info: org.openqa.selenium.chrome.ChromeDriver\nCapabilities {acceptInsecureCerts: false, browserName: chrome, browserVersion: 124.0.6367.78, chrome: {chromedriverVersion: 124.0.6367.78 (a087f2dd364d..., userDataDir: C:\\Users\\nivethaa.e\\AppData...}, fedcm:accounts: true, goog:chromeOptions: {debuggerAddress: localhost:50295}, javascriptEnabled: true, networkConnectionEnabled: false, pageLoadStrategy: normal, platform: WINDOWS, platformName: WINDOWS, proxy: Proxy(), setWindowRect: true, strictFileInteractability: false, timeouts: {implicit: 0, pageLoad: 300000, script: 30000}, unhandledPromptBehavior: dismiss and notify, webauthn:extension:credBlob: true, webauthn:extension:largeBlob: true, webauthn:extension:minPinLength: true, webauthn:extension:prf: true, webauthn:virtualAuthenticators: true}\nSession ID: b250ce570f8cf05ac0e478dab71e383f\n*** Element info: {Using=xpath, value=//input[@placeholder='Type your question here']}; Test case iteration terminated by user! Proceeding to next iteration (if applicable)...\r\n\tat org.testng.Assert.fail(Assert.java:99)\r\n\tat com.framework.components.ModularTestCase.tearDownTestRunner(ModularTestCase.java:183)\r\n\tat com.modular.steps.WebModularTestDisney.seleniumPracticeTest(WebModularTestDisney.java:34)\r\n\tat java.base/jdk.internal.reflect.NativeMethodAccessorImpl.invoke0(Native Method)\r\n\tat java.base/jdk.internal.reflect.NativeMethodAccessorImpl.invoke(NativeMethodAccessorImpl.java:62)\r\n\tat java.base/jdk.internal.reflect.DelegatingMethodAccessorImpl.invoke(DelegatingMethodAccessorImpl.java:43)\r\n\tat java.base/java.lang.reflect.Method.invoke(Method.java:566)\r\n\tat org.testng.internal.MethodInvocationHelper.invokeMethod(MethodInvocationHelper.java:133)\r\n\tat org.testng.internal.TestInvoker.invokeMethod(TestInvoker.java:598)\r\n\tat org.testng.internal.TestInvoker.invokeTestMethod(TestInvoker.java:173)\r\n\tat org.testng.internal.TestMethodWithDataProviderMethodWorker.call(TestMethodWithDataProviderMethodWorker.java:77)\r\n\tat org.testng.internal.TestMethodWithDataProviderMethodWorker.call(TestMethodWithDataProviderMethodWorker.java:15)\r\n\tat java.base/java.util.concurrent.FutureTask.run(FutureTask.java:264)\r\n\tat java.base/java.util.concurrent.Executors$RunnableAdapter.call(Executors.java:515)\r\n\tat java.base/java.util.concurrent.FutureTask.run(FutureTask.java:264)\r\n\tat java.base/java.util.concurrent.ThreadPoolExecutor.runWorker(ThreadPoolExecutor.java:1128)\r\n\tat java.base/java.util.concurrent.ThreadPoolExecutor$Worker.run(ThreadPoolExecutor.java:628)\r\n\tat java.base/java.lang.Thread.run(Thread.java:834)\r\n"},"stage":"finished","steps":[],"attachments":[],"parameters":[{"name":"arg0","value":"com.framework.selenium.SeleniumTestParameters@5f1af67f"}],"start":1714032287671,"stop":1714032320243}