<?xml version="1.0" encoding="UTF-8" standalone="no"?>
<testsuite errors="0" failures="7" name="io.cucumber.core.plugin.JUnitFormatter" skipped="0" tests="12" time="2.47">
    <testcase classname="To generate or execute automated tests by web crawling" name="Autonomous Functional and Non-Functional test generation" time="0.515">
        <failure message="" type="java.lang.NullPointerException">
            <![CDATA[Given user launch the application "https://www.bioreference.com/" with "False".failed
When user crawl the web page................................................skipped
Then compare crawl output with "WebCrawlReport.csv" by status...............skipped
And verify dead link and redirects for url present in "WebCrawlReport.csv"..skipped
And identify new broken link and redirect issues compare with baseline "DeadLinkRedirectValidation.csv".skipped
And extract lighthouse report URL present in "ListOfUniqueURL.txt" and generate consolidated report.skipped
And compare lighthouse report with baseline "LighthouseConsolidatedCSVreport.csv^LighthouseConsolidatedCSVreport_new.csv".skipped
And Generate functional test script for url present in "https://www.bioreference.com/".skipped

StackTrace:
java.lang.NullPointerException
	at com.framework.webcrawler.WebpageExecutor.user_launch_the_application_with(WebpageExecutor.java:24)
	at ✽.user launch the application "https://www.bioreference.com/" with "False"(file:///C:/Users/nivethaa.e/Qualiframe%20v2/qualiframev2-main/qualiframev2-main/src/test/resources/features/Webcrawler.feature:6)
]]>
        </failure>
    </testcase>
    <testcase classname="To generate or execute automated tests by web crawling" name="Compare web crawl output with baseline data" time="0.104">
        <failure message="" type="java.lang.NullPointerException">
            <![CDATA[Given user launch the application "https://www.kay.com/" with "false".......failed
When user crawl the web page................................................skipped
And compare crawl output with "WebCrawlReport.csv" by status................skipped

StackTrace:
java.lang.NullPointerException
	at com.framework.webcrawler.WebpageExecutor.user_launch_the_application_with(WebpageExecutor.java:24)
	at ✽.user launch the application "https://www.kay.com/" with "false"(file:///C:/Users/nivethaa.e/Qualiframe%20v2/qualiframev2-main/qualiframev2-main/src/test/resources/features/Webcrawler.feature:24)
]]>
        </failure>
    </testcase>
    <testcase classname="To generate or execute automated tests by web crawling" name="To generate LightHouse report" time="0.19">
        <failure message="" type="java.lang.NullPointerException">
            <![CDATA[Given extract lighthouse report URL present in "LighthouseURLs.txt" and generate consolidated report.failed

StackTrace:
java.lang.NullPointerException
	at com.framework.webcrawler.Perfmetricsgenerator.search(Perfmetricsgenerator.java:189)
	at com.framework.webcrawler.Perfmetricsgenerator.lightHouseCSVconsolidation(Perfmetricsgenerator.java:118)
	at com.framework.webcrawler.WebpageExecutor.extract_lighthouse_report_URL_present_in(WebpageExecutor.java:82)
	at ✽.extract lighthouse report URL present in "LighthouseURLs.txt" and generate consolidated report(file:///C:/Users/nivethaa.e/Qualiframe%20v2/qualiframev2-main/qualiframev2-main/src/test/resources/features/Webcrawler.feature:35)
]]>
        </failure>
    </testcase>
    <testcase classname="To generate or execute automated tests by web crawling" name="AppliTools User Interface Validation" time="0.102">
        <system-out>
            <![CDATA[Given validate UI for list of URL in "LighthouseURLs.txt"...................passed
]]>
        </system-out>
    </testcase>
    <testcase classname="To generate or execute automated tests by web crawling" name="URL Redirection &amp; Deadlink validation" time="0.073">
        <system-out>
            <![CDATA[Given verify dead link and redirects for url present in "RedirectLinks.txt".passed
]]>
        </system-out>
    </testcase>
    <testcase classname="To generate or execute automated tests by web crawling" name="Autonomous Functional Test script generation" time="0.087">
        <failure message="" type="java.lang.NullPointerException">
            <![CDATA[Given Generate functional test script for url present in "https://www.unilever.co.uk/".failed

StackTrace:
java.lang.NullPointerException
	at com.framework.webcrawler.Testgenerator.user_launch_app_url(Testgenerator.java:67)
	at com.framework.webcrawler.WebpageExecutor.generate_functional_test_case_for_url_present_in(WebpageExecutor.java:96)
	at ✽.Generate functional test script for url present in "https://www.unilever.co.uk/"(file:///C:/Users/nivethaa.e/Qualiframe%20v2/qualiframev2-main/qualiframev2-main/src/test/resources/features/Webcrawler.feature:59)
]]>
        </failure>
    </testcase>
    <testcase classname="To generate or execute automated tests by web crawling" name="Autonomous Function Test script execution TestCase - 024 Equity, Diversity &amp; Inclusion at Unilever" time="0.214">
        <failure message="" type="java.lang.NullPointerException">
            <![CDATA[Given Execute functional "TestCase - 024 Equity, Diversity & Inclusion at Unilever" using "ScenarioOutput_1.json".failed

StackTrace:
java.lang.NullPointerException
	at com.framework.webcrawler.Testgenerator.executeJSON(Testgenerator.java:227)
	at com.framework.webcrawler.WebpageExecutor.execute_functional_test(WebpageExecutor.java:115)
	at ✽.Execute functional "TestCase - 024 Equity, Diversity & Inclusion at Unilever" using "ScenarioOutput_1.json"(file:///C:/Users/nivethaa.e/Qualiframe%20v2/qualiframev2-main/qualiframev2-main/src/test/resources/features/Webcrawler.feature:67)
]]>
        </failure>
    </testcase>
    <testcase classname="To generate or execute automated tests by web crawling" name="Autonomous Function Test script execution" time="0.168">
        <failure message="" type="java.lang.NullPointerException">
            <![CDATA[Given Execute functional test script using "ScenarioOutput_1.json"..........failed

StackTrace:
java.lang.NullPointerException
	at com.framework.webcrawler.Testgenerator.executeJSON(Testgenerator.java:151)
	at com.framework.webcrawler.WebpageExecutor.execute_functional_test(WebpageExecutor.java:105)
	at ✽.Execute functional test script using "ScenarioOutput_1.json"(file:///C:/Users/nivethaa.e/Qualiframe%20v2/qualiframev2-main/qualiframev2-main/src/test/resources/features/Webcrawler.feature:75)
]]>
        </failure>
    </testcase>
    <testcase classname="To generate or execute automated tests by web crawling" name="Cookie validation for web page" time="0.114">
        <system-out>
            <![CDATA[Given validate cookie for URL present in "DetailReport.csv".................passed
]]>
        </system-out>
    </testcase>
    <testcase classname="To generate or execute automated tests by web crawling" name="Redirect report comparison" time="0.097">
        <failure message="Step [identify new broken link and redirect issues compare with baseline {string}] is defined with 2 parameters at 'com.framework.webcrawler.WebpageExecutor.identify_new_broken_link_and_redirect_issues_compare_with_baseline(java.lang.String,io.cucumber.datatable.DataTable)'.&#10;However, the gherkin step has 1 arguments:&#10; * &quot;Redirectbasereport.csv&quot;&#10;Step text: identify new broken link and redirect issues compare with baseline &quot;Redirectbasereport.csv&quot;" type="io.cucumber.core.exception.CucumberException">
            <![CDATA[Given identify new broken link and redirect issues compare with baseline "Redirectbasereport.csv".failed

StackTrace:
io.cucumber.core.exception.CucumberException: Step [identify new broken link and redirect issues compare with baseline {string}] is defined with 2 parameters at 'com.framework.webcrawler.WebpageExecutor.identify_new_broken_link_and_redirect_issues_compare_with_baseline(java.lang.String,io.cucumber.datatable.DataTable)'.
However, the gherkin step has 1 arguments:
 * "Redirectbasereport.csv"
Step text: identify new broken link and redirect issues compare with baseline "Redirectbasereport.csv"
	at io.cucumber.core.runner.PickleStepDefinitionMatch.arityMismatch(PickleStepDefinitionMatch.java:83)
	at io.cucumber.core.runner.PickleStepDefinitionMatch.runStep(PickleStepDefinitionMatch.java:42)
	at io.cucumber.core.runner.ExecutionMode$1.execute(ExecutionMode.java:10)
	at io.cucumber.core.runner.TestStep.executeStep(TestStep.java:86)
	at io.cucumber.core.runner.TestStep.run(TestStep.java:57)
	at io.cucumber.core.runner.PickleStepTestStep.run(PickleStepTestStep.java:51)
	at io.cucumber.core.runner.TestCase.run(TestCase.java:95)
	at io.cucumber.core.runner.Runner.runPickle(Runner.java:75)
	at io.cucumber.testng.TestNGCucumberRunner.lambda$runScenario$1(TestNGCucumberRunner.java:132)
	at io.cucumber.core.runtime.CucumberExecutionContext.lambda$runTestCase$3(CucumberExecutionContext.java:110)
	at io.cucumber.core.runtime.RethrowingThrowableCollector.executeAndThrow(RethrowingThrowableCollector.java:23)
	at io.cucumber.core.runtime.CucumberExecutionContext.runTestCase(CucumberExecutionContext.java:110)
	at io.cucumber.testng.TestNGCucumberRunner.runScenario(TestNGCucumberRunner.java:129)
	at io.cucumber.testng.AbstractTestNGCucumberTests.runScenario(AbstractTestNGCucumberTests.java:35)
	at java.base/jdk.internal.reflect.NativeMethodAccessorImpl.invoke0(Native Method)
	at java.base/jdk.internal.reflect.NativeMethodAccessorImpl.invoke(NativeMethodAccessorImpl.java:62)
	at java.base/jdk.internal.reflect.DelegatingMethodAccessorImpl.invoke(DelegatingMethodAccessorImpl.java:43)
	at java.base/java.lang.reflect.Method.invoke(Method.java:566)
	at org.testng.internal.MethodInvocationHelper.invokeMethod(MethodInvocationHelper.java:133)
	at org.testng.internal.TestInvoker.invokeMethod(TestInvoker.java:598)
	at org.testng.internal.TestInvoker.invokeTestMethod(TestInvoker.java:173)
	at org.testng.internal.MethodRunner.runInSequence(MethodRunner.java:46)
	at org.testng.internal.TestInvoker$MethodInvocationAgent.invoke(TestInvoker.java:824)
	at org.testng.internal.TestInvoker.invokeTestMethods(TestInvoker.java:146)
	at org.testng.internal.TestMethodWorker.invokeTestMethods(TestMethodWorker.java:146)
	at org.testng.internal.TestMethodWorker.run(TestMethodWorker.java:128)
	at java.base/java.util.ArrayList.forEach(ArrayList.java:1541)
	at org.testng.TestRunner.privateRun(TestRunner.java:794)
	at org.testng.TestRunner.run(TestRunner.java:596)
	at org.testng.SuiteRunner.runTest(SuiteRunner.java:377)
	at org.testng.SuiteRunner.runSequentially(SuiteRunner.java:371)
	at org.testng.SuiteRunner.privateRun(SuiteRunner.java:332)
	at org.testng.SuiteRunner.run(SuiteRunner.java:276)
	at org.testng.SuiteRunnerWorker.runSuite(SuiteRunnerWorker.java:53)
	at org.testng.SuiteRunnerWorker.run(SuiteRunnerWorker.java:96)
	at org.testng.TestNG.runSuitesSequentially(TestNG.java:1212)
	at org.testng.TestNG.runSuitesLocally(TestNG.java:1134)
	at org.testng.TestNG.runSuites(TestNG.java:1063)
	at org.testng.TestNG.run(TestNG.java:1031)
	at com.intellij.rt.testng.IDEARemoteTestNG.run(IDEARemoteTestNG.java:66)
	at com.intellij.rt.testng.RemoteTestNGStarter.main(RemoteTestNGStarter.java:105)
]]>
        </failure>
    </testcase>
    <testcase classname="To generate or execute automated tests by web crawling" name="LightHouse report comparison with baseline" time="0.083">
        <system-out>
            <![CDATA[Given compare lighthouse report with baseline "LighthouseConsolidatedCSVreport.csv^LighthouseConsolidatedCSVreport_new.csv".passed
]]>
        </system-out>
    </testcase>
    <testcase classname="To generate or execute automated tests by web crawling" name="Generate Summary report" time="0.096">
        <system-out>
            <![CDATA[Given generate summary report with "2022_03_01_09_05_30" and "https://www.iatinsurancegroup.com/".passed
]]>
        </system-out>
    </testcase>
</testsuite>
